2025-11-26 02:25:52,958 - INFO - RUN START mode=car objective=FASTEST depot=(59.910000,10.750000) orders_file=/Users/sergey/Desktop/Studies/OsloMet/ACIT4420-Pyhton/project/Final_assignment_ACIT4420/CourierOptimizer/files/orders.csv
2025-11-26 02:25:52,958 - INFO - READING /Users/sergey/Desktop/Studies/OsloMet/ACIT4420-Pyhton/project/Final_assignment_ACIT4420/CourierOptimizer/files/orders.csv
2025-11-26 02:25:52,959 - INFO - ADDED ORDER in line 2: ['Oslo Sentrum Shop', '59.9139', '10.7522', 'High', '2.5']
2025-11-26 02:25:52,959 - INFO - ADDED ORDER in line 3: ['Grünerløkka Cafe', '59.9231', '10.7599', 'Medium', '1.2']
2025-11-26 02:25:52,959 - INFO - ADDED ORDER in line 4: ['Majorstuen Books', '59.9325', '10.7174', 'Low', '4.0']
2025-11-26 02:25:52,959 - INFO - ADDED ORDER in line 5: ['Tøyen Flowers', '59.9120', '10.7790', 'High', '0.8']
2025-11-26 02:25:52,959 - INFO - ADDED ORDER in line 6: ['Storo Electronics', '59.9440', '10.7810', 'Medium', '6.3']
2025-11-26 02:25:52,959 - INFO - ADDED ORDER in line 7: ['Bislett Bakery', '59.9245', '10.7333', 'Low', '3.1']
2025-11-26 02:25:52,959 - INFO - ADDED ORDER in line 8: ['Aker Brygge Office', '59.9092', '10.7289', 'High', '5.0']
2025-11-26 02:25:52,959 - INFO - ADDED ORDER in line 9: ['Ullevål Hospital', '59.9360', '10.7460', 'Medium', '7.5']
2025-11-26 02:25:52,959 - INFO - ADDED ORDER in line 10: ['Ljabru House', '59.8710', '10.8010', 'Low', '2.0']
2025-11-26 02:25:52,959 - INFO - ADDED ORDER in line 11: ['Sinsen Kiosk', '59.9390', '10.7780', 'High', '1.0']
2025-11-26 02:25:52,959 - WARNING - REJECTED ORDER Invalid row in /Users/sergey/Desktop/Studies/OsloMet/ACIT4420-Pyhton/project/Final_assignment_ACIT4420/CourierOptimizer/files/orders.csv (line 12): ['Fornebu Warehouse', '95.0000', '10.6320', 'Medium', '10.0'] -> latitude must be in [-90, 90]
2025-11-26 02:25:52,959 - WARNING - REJECTED ORDER Invalid row in /Users/sergey/Desktop/Studies/OsloMet/ACIT4420-Pyhton/project/Final_assignment_ACIT4420/CourierOptimizer/files/orders.csv (line 13): ['Lambertseter Mall', '59.8840', '10.8140', 'URGENT', '-3.5'] -> priority must be one of dict_keys(['High', 'Medium', 'Low'])
2025-11-26 02:25:52,960 - INFO - Generating route CSV (mode=Car, strategy=FASTEST)
2025-11-26 02:25:52,960 - INFO - START optimize
2025-11-26 02:25:52,960 - INFO - Starting route optimization (orders=10, mode=Car, strategy=FASTEST)
2025-11-26 02:25:52,960 - INFO - Calculated distances from depot.
2025-11-26 02:25:52,960 - INFO - Calculated weighted depot->stop values (mode=Car, strategy=FASTEST, orders=10)
2025-11-26 02:25:52,960 - INFO - CALCULATED DISTANCES MATRIX for 10 orders (shape 10x10)
2025-11-26 02:25:52,960 - INFO - CALCULATED STRATEGY MATRIX for Transport Mode: Car, Strategy: FASTEST
2025-11-26 02:25:52,960 - INFO - FINISH optimize duration = 0.000486 seconds
2025-11-26 02:25:52,960 - INFO - Calculated distances from depot.
2025-11-26 02:25:52,960 - INFO - CALCULATED DISTANCES MATRIX for 10 orders (shape 10x10)
2025-11-26 02:25:52,960 - INFO - Route CSV written to /Users/sergey/Desktop/Studies/OsloMet/ACIT4420-Pyhton/project/Final_assignment_ACIT4420/CourierOptimizer/files/route.csv (stops=10, total_distance=22.043 km, total_time=0.441 h, total_cost=88.17 NOK, total_co2=2645.1 g)
2025-11-26 02:25:52,960 - INFO - START generating Route plot
2025-11-26 02:25:52,960 - INFO - START optimize
2025-11-26 02:25:52,960 - INFO - Starting route optimization (orders=10, mode=Car, strategy=FASTEST)
2025-11-26 02:25:52,960 - INFO - Calculated distances from depot.
2025-11-26 02:25:52,961 - INFO - Calculated weighted depot->stop values (mode=Car, strategy=FASTEST, orders=10)
2025-11-26 02:25:52,961 - INFO - CALCULATED DISTANCES MATRIX for 10 orders (shape 10x10)
2025-11-26 02:25:52,961 - INFO - CALCULATED STRATEGY MATRIX for Transport Mode: Car, Strategy: FASTEST
2025-11-26 02:25:52,961 - INFO - FINISH optimize duration = 0.000261 seconds
2025-11-26 02:25:53,118 - INFO - Route plot saved to /Users/sergey/Desktop/Studies/OsloMet/ACIT4420-Pyhton/project/Final_assignment_ACIT4420/CourierOptimizer/files/route.png
2025-11-26 02:25:53,118 - INFO - RUN END total_distance=22.043 total_time=0.441 total_cost=88.17 total_co2=2645.1
2025-11-26 02:44:24,815 - INFO - RUN START mode=car objective=FASTEST depot=(59.910000,10.750000) orders_file=/Users/sergey/Desktop/Studies/OsloMet/ACIT4420-Pyhton/project/Final_assignment_ACIT4420/CourierOptimizer/files/orders.csv
2025-11-26 02:44:24,815 - INFO - READING /Users/sergey/Desktop/Studies/OsloMet/ACIT4420-Pyhton/project/Final_assignment_ACIT4420/CourierOptimizer/files/orders.csv
2025-11-26 02:44:24,817 - INFO - ADDED ORDER in line 2: ['Oslo Sentrum Shop', '59.9139', '10.7522', 'High', '2.5']
2025-11-26 02:44:24,817 - INFO - ADDED ORDER in line 3: ['Grünerløkka Cafe', '59.9231', '10.7599', 'Medium', '1.2']
2025-11-26 02:44:24,818 - INFO - ADDED ORDER in line 4: ['Majorstuen Books', '59.9325', '10.7174', 'Low', '4.0']
2025-11-26 02:44:24,818 - INFO - ADDED ORDER in line 5: ['Tøyen Flowers', '59.9120', '10.7790', 'High', '0.8']
2025-11-26 02:44:24,818 - INFO - ADDED ORDER in line 6: ['Storo Electronics', '59.9440', '10.7810', 'Medium', '6.3']
2025-11-26 02:44:24,818 - INFO - ADDED ORDER in line 7: ['Bislett Bakery', '59.9245', '10.7333', 'Low', '3.1']
2025-11-26 02:44:24,818 - WARNING - REJECTED ORDER Invalid row in /Users/sergey/Desktop/Studies/OsloMet/ACIT4420-Pyhton/project/Final_assignment_ACIT4420/CourierOptimizer/files/orders.csv (line 8): ['Aker Brygge Office', '59.9092', '10.7289', 'Hig', '5.0'] -> priority must be 'High', 'Medium' or 'Low'
2025-11-26 02:44:24,818 - INFO - ADDED ORDER in line 9: ['Ullevål Hospital', '59.9360', '10.7460', 'Medium', '7.5']
2025-11-26 02:44:24,818 - INFO - ADDED ORDER in line 10: ['Ljabru House', '59.8710', '10.8010', 'Low', '2.0']
2025-11-26 02:44:24,818 - INFO - ADDED ORDER in line 11: ['Sinsen Kiosk', '59.9390', '10.7780', 'High', '1.0']
2025-11-26 02:44:24,818 - WARNING - REJECTED ORDER Invalid row in /Users/sergey/Desktop/Studies/OsloMet/ACIT4420-Pyhton/project/Final_assignment_ACIT4420/CourierOptimizer/files/orders.csv (line 12): ['Fornebu Warehouse', '95.0000', '10.6320', 'Medium', '10.0'] -> latitude must be in [-90, 90]
2025-11-26 02:44:24,818 - WARNING - REJECTED ORDER Invalid row in /Users/sergey/Desktop/Studies/OsloMet/ACIT4420-Pyhton/project/Final_assignment_ACIT4420/CourierOptimizer/files/orders.csv (line 13): ['Lambertseter Mall', '59.8840', '10.8140', 'URGENT', '-3.5'] -> priority must be 'High', 'Medium' or 'Low'
2025-11-26 02:44:24,818 - INFO - Generating route CSV (mode=Car, strategy=FASTEST)
2025-11-26 02:44:24,819 - INFO - START optimize
2025-11-26 02:44:24,819 - INFO - Starting route optimization (orders=9, mode=Car, strategy=FASTEST)
2025-11-26 02:44:24,819 - INFO - Calculated distances from depot.
2025-11-26 02:44:24,819 - INFO - Calculated weighted depot->stop values (mode=Car, strategy=FASTEST, orders=9)
2025-11-26 02:44:24,820 - INFO - CALCULATED DISTANCES MATRIX for 9 orders (shape 9x9)
2025-11-26 02:44:24,820 - INFO - CALCULATED STRATEGY MATRIX for Transport Mode: Car, Strategy: FASTEST
2025-11-26 02:44:24,820 - INFO - FINISH optimize duration = 0.001638 seconds
2025-11-26 02:44:24,820 - INFO - Calculated distances from depot.
2025-11-26 02:44:24,820 - INFO - CALCULATED DISTANCES MATRIX for 9 orders (shape 9x9)
2025-11-26 02:44:24,822 - INFO - Route CSV written to /Users/sergey/Desktop/Studies/OsloMet/ACIT4420-Pyhton/project/Final_assignment_ACIT4420/CourierOptimizer/files/route.csv (stops=9, total_distance=19.341 km, total_time=0.387 h, total_cost=77.37 NOK, total_co2=2321.0 g)
2025-11-26 02:44:24,822 - INFO - START generating Route plot
2025-11-26 02:44:24,822 - INFO - START optimize
2025-11-26 02:44:24,822 - INFO - Starting route optimization (orders=9, mode=Car, strategy=FASTEST)
2025-11-26 02:44:24,822 - INFO - Calculated distances from depot.
2025-11-26 02:44:24,822 - INFO - Calculated weighted depot->stop values (mode=Car, strategy=FASTEST, orders=9)
2025-11-26 02:44:24,822 - INFO - CALCULATED DISTANCES MATRIX for 9 orders (shape 9x9)
2025-11-26 02:44:24,822 - INFO - CALCULATED STRATEGY MATRIX for Transport Mode: Car, Strategy: FASTEST
2025-11-26 02:44:24,822 - INFO - FINISH optimize duration = 0.000617 seconds
2025-11-26 02:44:25,003 - INFO - Route plot saved to /Users/sergey/Desktop/Studies/OsloMet/ACIT4420-Pyhton/project/Final_assignment_ACIT4420/CourierOptimizer/files/route.png
2025-11-26 02:44:25,003 - INFO - RUN END total_distance=19.341 total_time=0.387 total_cost=77.37 total_co2=2321.0
